<?xml version="1.0" encoding="UTF-8"?>
<!-- Generated by org.testng.reporters.JUnitReportReporter -->
<testsuite skipped="0" hostname="ATMECSINLT-085" name="org.atmecs.website.testscripts.Home" tests="6" failures="0" timestamp="04 Oct 2019 14:34:31 GMT" time="46.454" errors="0">
  <testcase name="homeValidation" time="0.002" classname="org.atmecs.website.testscripts.Home"/>
  <testcase name="homeValidation" time="0.004" classname="org.atmecs.website.testscripts.Home"/>
  <testcase name="homeValidation" time="0.003" classname="org.atmecs.website.testscripts.Home"/>
  <testcase name="homeValidation" time="46.441" classname="org.atmecs.website.testscripts.Home"/>
  <testcase name="homeValidation" time="0.001" classname="org.atmecs.website.testscripts.Home"/>
  <testcase name="homeValidation" time="0.003" classname="org.atmecs.website.testscripts.Home"/>
</testsuite> <!-- org.atmecs.website.testscripts.Home -->
