<?xml version="1.0" encoding="UTF-8"?>
<!-- Generated by org.testng.reporters.JUnitReportReporter -->
<testsuite skipped="0" hostname="ATMECSINLT-085" name="org.atmecs.website.testscripts.mypage" tests="1" failures="0" timestamp="04 Oct 2019 06:35:54 GMT" time="51.976" errors="0">
  <testcase name="sample" time="51.976" classname="org.atmecs.website.testscripts.mypage"/>
</testsuite> <!-- org.atmecs.website.testscripts.mypage -->
