<?xml version="1.0" encoding="UTF-8"?>
<!-- Generated by org.testng.reporters.JUnitReportReporter -->
<testsuite skipped="0" hostname="ATMECSINLT-085" name="org.atmecs.website.testscripts.Home" tests="1" failures="0" timestamp="03 Oct 2019 12:36:01 GMT" time="43.356" errors="0">
  <testcase name="homeValidation" time="43.356" classname="org.atmecs.website.testscripts.Home"/>
</testsuite> <!-- org.atmecs.website.testscripts.Home -->
